<?xml version="1.0" encoding="UTF-8"?>
<!-- Generated by org.testng.reporters.JUnitReportReporter -->
<testsuite hostname="Rachit" name="amazon.assignment.test.KindleTest" tests="1" failures="0" timestamp="18 Oct 2018 11:10:08 GMT" time="44.211" errors="0">
  <testcase name="kindleTest" time="44.211" classname="amazon.assignment.test.KindleTest"/>
</testsuite> <!-- amazon.assignment.test.KindleTest -->
