<?xml version="1.0" encoding="UTF-8"?>
<!-- Generated by org.testng.reporters.JUnitReportReporter -->
<testsuite hostname="Rachit" name="amazon.assignment.test.KindleTestDuplicateForParallelExecution" tests="1" failures="0" timestamp="18 Oct 2018 11:10:09 GMT" time="32.828" errors="0">
  <testcase name="kindleTest" time="32.828" classname="amazon.assignment.test.KindleTestDuplicateForParallelExecution"/>
</testsuite> <!-- amazon.assignment.test.KindleTestDuplicateForParallelExecution -->
